<?xml version="1.0" encoding="utf-8"?><testsuites name="pytest tests"><testsuite name="pytest" errors="0" failures="0" skipped="0" tests="20" time="2.344" timestamp="2026-06-02T10:32:35.441565+00:00" hostname="agent-env-731170b9-fd1b-4087-a55a-53b3ebe19f55"><testcase classname="backend.tests.backend_test.TestPublic" name="test_root" time="0.191" /><testcase classname="backend.tests.backend_test.TestPublic" name="test_roast_levels" time="0.048" /><testcase classname="backend.tests.backend_test.TestPublic" name="test_example_roasts" time="0.046" /><testcase classname="backend.tests.backend_test.TestRoast" name="test_create_roast_full_payload" time="0.060" /><testcase classname="backend.tests.backend_test.TestRoast" name="test_create_roast_validation_empty" time="0.046" /><testcase classname="backend.tests.backend_test.TestRoast" name="test_create_roast_invalid_level" time="0.045" /><testcase classname="backend.tests.backend_test.TestRoast" name="test_get_roast_before_lead_capture" time="0.097" /><testcase classname="backend.tests.backend_test.TestLeads" name="test_lead_invalid_roast_id" time="0.050" /><testcase classname="backend.tests.backend_test.TestLeads" name="test_lead_submit_unlocks_roast" time="0.162" /><testcase classname="backend.tests.backend_test.TestAuth" name="test_login_success" time="0.268" /><testcase classname="backend.tests.backend_test.TestAuth" name="test_login_wrong_password" time="0.267" /><testcase classname="backend.tests.backend_test.TestAuth" name="test_me_with_token" time="0.315" /><testcase classname="backend.tests.backend_test.TestAuth" name="test_me_no_token" time="0.100" /><testcase classname="backend.tests.backend_test.TestAdmin" name="test_leads_requires_auth" time="0.124" /><testcase classname="backend.tests.backend_test.TestAdmin" name="test_leads_list" time="0.046" /><testcase classname="backend.tests.backend_test.TestAdmin" name="test_leads_filter_priority" time="0.046" /><testcase classname="backend.tests.backend_test.TestAdmin" name="test_leads_filter_level" time="0.051" /><testcase classname="backend.tests.backend_test.TestAdmin" name="test_leads_sort" time="0.050" /><testcase classname="backend.tests.backend_test.TestAdmin" name="test_stats" time="0.050" /><testcase classname="backend.tests.backend_test.TestAdmin" name="test_export_csv" time="0.051" /></testsuite></testsuites>